<?xml version="1.0" encoding="UTF-8"?>
<!-- Generated by org.testng.reporters.JUnitXMLReporter -->
<testsuite ignored="0" hostname="QKSRVSH05" failures="0" tests="4" name="Regression Test" time="19.488" errors="0" timestamp="2021-05-25T10:10:23 IST">
  <testcase classname="OrangeHRM.testCases.testLogin" name="validCredentials" time="3.945"/>
  <testcase classname="OrangeHRM.testCases.invalidCredetials" name="invalidCredentials" time="0.252"/>
  <testcase classname="OrangeHRM.testCases.invalidCredetials" name="invalidCredentials" time="0.217"/>
  <testcase classname="OrangeHRM.testCases.invalidCredetials" name="invalidCredentials" time="0.816"/>
</testsuite> <!-- Regression Test -->
