<?xml version="1.0" encoding="UTF-8"?>
<!-- Generated by org.testng.reporters.JUnitXMLReporter -->
<testsuite ignored="0" hostname="QKSRVSH05" failures="0" tests="3" name="Regression Test" time="8.729" errors="0" timestamp="2021-05-25T10:07:58 IST">
  <testcase classname="OrangeHRM.testCases.invalidCredetials" name="invalidCredentials" time="0.284"/>
  <testcase classname="OrangeHRM.testCases.invalidCredetials" name="invalidCredentials" time="0.167"/>
  <testcase classname="OrangeHRM.testCases.invalidCredetials" name="invalidCredentials" time="0.787"/>
</testsuite> <!-- Regression Test -->
