<?xml version="1.0" encoding="UTF-8"?>
<testng-results ignored="0" total="4" passed="4" failed="0" skipped="0">
  <reporter-output>
  </reporter-output>
  <suite started-at="2021-05-25T10:10:04 IST" name="All Login test Cases" finished-at="2021-05-25T10:10:23 IST" duration-ms="19488">
    <groups>
    </groups>
    <test started-at="2021-05-25T10:10:04 IST" name="Regression Test" finished-at="2021-05-25T10:10:23 IST" duration-ms="19488">
      <class name="OrangeHRM.testCases.invalidCredetials">
        <test-method is-config="true" signature="init(java.lang.String)[pri:0, instance:OrangeHRM.testCases.invalidCredetials@31e5415e]" started-at="2021-05-25T10:10:13 IST" name="init" finished-at="2021-05-25T10:10:19 IST" duration-ms="5660" status="PASS">
          <params>
            <param index="0">
              <value>
                <![CDATA[chrome]]>
              </value>
            </param>
          </params>
          <reporter-output>
          </reporter-output>
        </test-method> <!-- init -->
        <test-method signature="invalidCredentials(java.lang.String, java.lang.String, java.lang.String)[pri:0, instance:OrangeHRM.testCases.invalidCredetials@31e5415e]" started-at="2021-05-25T10:10:20 IST" name="invalidCredentials" data-provider="readfromexcel" finished-at="2021-05-25T10:10:20 IST" duration-ms="252" status="PASS">
          <params>
            <param index="0">
              <value>
                <![CDATA[Admin]]>
              </value>
            </param>
            <param index="1">
              <value>
                <![CDATA[]]>
              </value>
            </param>
            <param index="2">
              <value>
                <![CDATA[Password cannot be empty]]>
              </value>
            </param>
          </params>
          <reporter-output>
          </reporter-output>
        </test-method> <!-- invalidCredentials -->
        <test-method signature="invalidCredentials(java.lang.String, java.lang.String, java.lang.String)[pri:0, instance:OrangeHRM.testCases.invalidCredetials@31e5415e]" started-at="2021-05-25T10:10:20 IST" name="invalidCredentials" data-provider="readfromexcel" finished-at="2021-05-25T10:10:20 IST" duration-ms="217" status="PASS">
          <params>
            <param index="0">
              <value>
                <![CDATA[]]>
              </value>
            </param>
            <param index="1">
              <value>
                <![CDATA[admin123]]>
              </value>
            </param>
            <param index="2">
              <value>
                <![CDATA[Username cannot be empty]]>
              </value>
            </param>
          </params>
          <reporter-output>
          </reporter-output>
        </test-method> <!-- invalidCredentials -->
        <test-method signature="invalidCredentials(java.lang.String, java.lang.String, java.lang.String)[pri:0, instance:OrangeHRM.testCases.invalidCredetials@31e5415e]" started-at="2021-05-25T10:10:20 IST" name="invalidCredentials" data-provider="readfromexcel" finished-at="2021-05-25T10:10:21 IST" duration-ms="816" status="PASS">
          <params>
            <param index="0">
              <value>
                <![CDATA[Rahul]]>
              </value>
            </param>
            <param index="1">
              <value>
                <![CDATA[Sajekar]]>
              </value>
            </param>
            <param index="2">
              <value>
                <![CDATA[Invalid credentials]]>
              </value>
            </param>
          </params>
          <reporter-output>
          </reporter-output>
        </test-method> <!-- invalidCredentials -->
        <test-method is-config="true" signature="tearDown()[pri:0, instance:OrangeHRM.testCases.invalidCredetials@31e5415e]" started-at="2021-05-25T10:10:21 IST" name="tearDown" finished-at="2021-05-25T10:10:22 IST" duration-ms="1374" status="PASS">
          <reporter-output>
          </reporter-output>
        </test-method> <!-- tearDown -->
      </class> <!-- OrangeHRM.testCases.invalidCredetials -->
      <class name="OrangeHRM.testCases.testLogin">
        <test-method is-config="true" signature="init(java.lang.String)[pri:0, instance:OrangeHRM.testCases.testLogin@34f5090e]" started-at="2021-05-25T10:10:04 IST" name="init" finished-at="2021-05-25T10:10:09 IST" duration-ms="5956" status="PASS">
          <params>
            <param index="0">
              <value>
                <![CDATA[chrome]]>
              </value>
            </param>
          </params>
          <reporter-output>
          </reporter-output>
        </test-method> <!-- init -->
        <test-method signature="validCredentials(java.lang.String, java.lang.String)[pri:1, instance:OrangeHRM.testCases.testLogin@34f5090e]" started-at="2021-05-25T10:10:09 IST" name="validCredentials" finished-at="2021-05-25T10:10:13 IST" duration-ms="3945" status="PASS">
          <params>
            <param index="0">
              <value>
                <![CDATA[Admin]]>
              </value>
            </param>
            <param index="1">
              <value>
                <![CDATA[admin123]]>
              </value>
            </param>
          </params>
          <reporter-output>
          </reporter-output>
        </test-method> <!-- validCredentials -->
        <test-method is-config="true" signature="tearDown()[pri:0, instance:OrangeHRM.testCases.testLogin@34f5090e]" started-at="2021-05-25T10:10:22 IST" name="tearDown" finished-at="2021-05-25T10:10:23 IST" duration-ms="656" status="PASS">
          <reporter-output>
          </reporter-output>
        </test-method> <!-- tearDown -->
      </class> <!-- OrangeHRM.testCases.testLogin -->
    </test> <!-- Regression Test -->
  </suite> <!-- All Login test Cases -->
</testng-results>
